version: (200506)

available memory: 64M bytes
used memory: 73728 bytes [need 72K bytes if disable swap]

used block: 2 [memory(2) file(0)]
                 [ 8K(1) 64K(1) { total 72K bytes } ]
overhead: (9514) bytes for (2) blocks [Average: (4757) bytes/block]

write  => 0(times) 0K(bytes) [0K bytes to file]
read   => 1(times) 4K(bytes) [1K bytes compressed data from file]
access => 52867(times) 415M(bytes)
          [hit ratio: 99.9981%]

time: write(0) read(0)  unit: second

swap file directory: (/home/yian/IC_learn/day1/D/verdiLog)
used swap file number: (1)



swap file manager:
arrSize: (256)
idxCnt: (3)
closeHead: (1)
closeTail: (2)
openCnt: (2)
fid(2): fd(29) fileName(/home/yian/IC_learn/day1/D/verdiLog/_swap_0001#-1028556854#11937)
	size(0) lastModTime(0) curModTime(1763720941)
	mode(w+b)	hot(0) cool(1) pos(0)
fid(1): fd(1073741824) fileName(/home/yian/IC_learn/day1/D/simv.daidir/kdb.elab++/work.lib++/tb_dff.sv.tdc)
	size(2133) lastModTime(1763720919) curModTime(1763720919)
	mode(rb)	hot(2) cool(0) pos(0)
fid(0): fd(0) fileName(NULL)
	mode(NULL)	hot(0) cool(0) pos(0)
==================================================
mySelf(0x20c42dd0) pre(0x1f74bec0) next((nil))
version(200506)
date(May 16 2024 02:58:46)
