version: (200506)

available memory: 64M bytes
used memory: 81920 bytes [need 80K bytes if disable swap]

used block: 3 [memory(3) file(0)]
                 [ 8K(2) 64K(1) { total 80K bytes } ]
overhead: (9514) bytes for (3) blocks [Average: (3171) bytes/block]

write  => 0(times) 0K(bytes) [0K bytes to file]
read   => 1(times) 6K(bytes) [1K bytes compressed data from file]
access => 76083(times) 598M(bytes)
          [hit ratio: 99.9987%]

time: write(0) read(0)  unit: second

swap file directory: (/home/yian/IC_learn/day1/reg_with_en/verdiLog)
used swap file number: (1)



swap file manager:
arrSize: (256)
idxCnt: (3)
closeHead: (1)
closeTail: (2)
openCnt: (2)
fid(2): fd(27) fileName(/home/yian/IC_learn/day1/reg_with_en/verdiLog/_swap_0001#-1028556854#18635)
	size(0) lastModTime(0) curModTime(1763721748)
	mode(w+b)	hot(0) cool(1) pos(0)
fid(1): fd(1073741824) fileName(/home/yian/IC_learn/day1/reg_with_en/simv.daidir/kdb.elab++/work.lib++/tb_reg_with_en.sv.tdc)
	size(2679) lastModTime(1763721649) curModTime(1763721649)
	mode(rb)	hot(2) cool(0) pos(0)
fid(0): fd(0) fileName(NULL)
	mode(NULL)	hot(0) cool(0) pos(0)
==================================================
mySelf(0x218ba870) pre(0x203c7120) next((nil))
version(200506)
date(May 16 2024 02:58:46)
